[0mGET /category [36m304[0m 172.420 ms - -[0m
[0mGET /fonts/glyphicons-halflings-regular.woff [33m404[0m 2.050 ms - 178[0m
[0mGET /fonts/glyphicons-halflings-regular.ttf [33m404[0m 0.450 ms - 177[0m
[0mGET /products [36m304[0m 49.991 ms - -[0m
[0mGET /fonts/glyphicons-halflings-regular.woff [33m404[0m 0.415 ms - 178[0m
[0mGET /fonts/glyphicons-halflings-regular.ttf [33m404[0m 0.871 ms - 177[0m
[0mGET /products/details/1 [36m304[0m 36.933 ms - -[0m
[0mGET /products/details/js/bootstrap.min.js [33m404[0m 0.668 ms - 175[0m
[0mGET /products/details/js/bootstrap.min.js [33m404[0m 0.573 ms - 175[0m
[0mGET /fonts/glyphicons-halflings-regular.woff [33m404[0m 2.649 ms - 178[0m
[0mGET /fonts/glyphicons-halflings-regular.ttf [33m404[0m 0.549 ms - 177[0m
[0mGET /category [36m304[0m 67.128 ms - -[0m
[0mGET /fonts/glyphicons-halflings-regular.woff [33m404[0m 7.544 ms - 178[0m
[0mGET /fonts/glyphicons-halflings-regular.ttf [33m404[0m 0.679 ms - 177[0m
[0mGET /products/category/1 [36m304[0m 42.194 ms - -[0m
[0mGET /products/category/js/bootstrap.min.js [33m404[0m 1.026 ms - 176[0m
[0mGET /products/category/js/bootstrap.min.js [33m404[0m 0.712 ms - 176[0m
[0mGET /fonts/glyphicons-halflings-regular.woff [33m404[0m 0.447 ms - 178[0m
[0mGET /fonts/glyphicons-halflings-regular.ttf [33m404[0m 0.479 ms - 177[0m
[0mGET /products/details/2 [32m200[0m 20.586 ms - 5819[0m
[0mGET /products/details/js/bootstrap.min.js [33m404[0m 0.569 ms - 175[0m
[0mGET /products/details/js/bootstrap.min.js [33m404[0m 1.272 ms - 175[0m
[0mGET /fonts/glyphicons-halflings-regular.woff [33m404[0m 0.430 ms - 178[0m
[0mGET /fonts/glyphicons-halflings-regular.ttf [33m404[0m 0.613 ms - 177[0m
[0mGET /category [36m304[0m 85.697 ms - -[0m
[0mGET /fonts/glyphicons-halflings-regular.woff [33m404[0m 5.033 ms - 178[0m
[0mGET /products [36m304[0m 25.392 ms - -[0m
[0mGET /fonts/glyphicons-halflings-regular.ttf [33m404[0m 0.443 ms - 177[0m
[0mGET /fonts/glyphicons-halflings-regular.woff [33m404[0m 0.419 ms - 178[0m
[0mGET /fonts/glyphicons-halflings-regular.ttf [33m404[0m 0.460 ms - 177[0m
[0mGET /restaurants [36m304[0m 9.771 ms - -[0m
[0mGET /fonts/glyphicons-halflings-regular.woff [33m404[0m 0.503 ms - 178[0m
[0mGET /fonts/glyphicons-halflings-regular.ttf [33m404[0m 1.060 ms - 177[0m
